<?xml version="1.0" encoding="utf-8"?><testsuites name="pytest tests"><testsuite name="pytest" errors="0" failures="0" skipped="0" tests="21" time="4.057" timestamp="2026-01-30T20:31:08.085233+00:00" hostname="agent-env-ab25ead8-c5d4-44d0-8ab1-e5847887b80d"><testcase classname="tests.test_dawalink_api.TestHealthCheck" name="test_health_endpoint" time="0.004" /><testcase classname="tests.test_dawalink_api.TestAuthentication" name="test_admin_login_success" time="0.230" /><testcase classname="tests.test_dawalink_api.TestAuthentication" name="test_pharmacy_login_success" time="0.227" /><testcase classname="tests.test_dawalink_api.TestAuthentication" name="test_supplier_login_success" time="0.227" /><testcase classname="tests.test_dawalink_api.TestAuthentication" name="test_login_invalid_credentials" time="0.002" /><testcase classname="tests.test_dawalink_api.TestAuthentication" name="test_login_missing_fields" time="0.002" /><testcase classname="tests.test_dawalink_api.TestAdminDashboard" name="test_admin_stats" time="0.236" /><testcase classname="tests.test_dawalink_api.TestAdminDashboard" name="test_admin_pharmacies" time="0.235" /><testcase classname="tests.test_dawalink_api.TestAdminDashboard" name="test_admin_suppliers" time="0.228" /><testcase classname="tests.test_dawalink_api.TestAdminDashboard" name="test_admin_pending_users" time="0.230" /><testcase classname="tests.test_dawalink_api.TestAdminDashboard" name="test_admin_orders" time="0.230" /><testcase classname="tests.test_dawalink_api.TestAdminDashboard" name="test_admin_stats_unauthorized" time="0.001" /><testcase classname="tests.test_dawalink_api.TestProducts" name="test_get_all_products" time="0.241" /><testcase classname="tests.test_dawalink_api.TestProducts" name="test_get_products_with_search" time="0.232" /><testcase classname="tests.test_dawalink_api.TestProducts" name="test_pharmacy_can_view_products" time="0.241" /><testcase classname="tests.test_dawalink_api.TestUserManagement" name="test_get_all_users" time="0.229" /><testcase classname="tests.test_dawalink_api.TestSupplierEndpoints" name="test_supplier_stats" time="0.235" /><testcase classname="tests.test_dawalink_api.TestSupplierEndpoints" name="test_supplier_products" time="0.233" /><testcase classname="tests.test_dawalink_api.TestPharmacyEndpoints" name="test_pharmacy_cart" time="0.228" /><testcase classname="tests.test_dawalink_api.TestPharmacyEndpoints" name="test_pharmacy_orders" time="0.230" /><testcase classname="tests.test_dawalink_api.TestPharmacyEndpoints" name="test_get_suppliers_list" time="0.240" /></testsuite></testsuites>