<?xml version="1.0" encoding="utf-8"?><testsuites name="pytest tests"><testsuite name="pytest" errors="0" failures="0" skipped="0" tests="12" time="9.362" timestamp="2026-03-02T09:39:35.592882+00:00" hostname="agent-env-c797d7e3-4116-4c23-8144-39e0203c1f8d"><testcase classname="backend.tests.test_document_upload_review.TestDocumentUploadEndpoints" name="test_upload_temp_document" time="0.261" /><testcase classname="backend.tests.test_document_upload_review.TestDocumentUploadEndpoints" name="test_upload_document_invalid_format" time="0.102" /><testcase classname="backend.tests.test_document_upload_review.TestDocumentFileServing" name="test_serve_document_file" time="0.229" /><testcase classname="backend.tests.test_document_upload_review.TestDocumentFileServing" name="test_serve_nonexistent_file" time="0.094" /><testcase classname="backend.tests.test_document_upload_review.TestRegistrationWithDocuments" name="test_register_pharmacy_with_documents" time="0.636" /><testcase classname="backend.tests.test_document_upload_review.TestRegistrationWithDocuments" name="test_register_supplier_with_documents" time="0.664" /><testcase classname="backend.tests.test_document_upload_review.TestAdminPendingUsers" name="test_get_pending_users_with_documents" time="0.428" /><testcase classname="backend.tests.test_document_upload_review.TestAdminReviewUser" name="test_approve_user" time="1.393" /><testcase classname="backend.tests.test_document_upload_review.TestAdminReviewUser" name="test_reject_user_with_reason" time="1.113" /><testcase classname="backend.tests.test_document_upload_review.TestRejectedUserLogin" name="test_rejected_user_login_returns_403_with_info" time="1.501" /><testcase classname="backend.tests.test_document_upload_review.TestReRegistration" name="test_reregister_rejected_user" time="1.715" /><testcase classname="backend.tests.test_document_upload_review.TestAdminGetUserDocuments" name="test_get_user_documents" time="1.095" /></testsuite></testsuites>