<?xml version="1.0" encoding="utf-8"?><testsuites name="pytest tests"><testsuite name="pytest" errors="0" failures="0" skipped="0" tests="18" time="14.863" timestamp="2026-02-16T19:18:25.315307+00:00" hostname="agent-env-71e65b43-fb7a-4118-9d38-f1b02367900d"><testcase classname="test_inventory_orders.TestAuthentication" name="test_pharmacy_login" time="0.465" /><testcase classname="test_inventory_orders.TestAuthentication" name="test_supplier_login" time="0.435" /><testcase classname="test_inventory_orders.TestPharmacyInventory" name="test_get_inventory_empty" time="1.300" /><testcase classname="test_inventory_orders.TestPharmacyInventory" name="test_get_inventory_stats" time="0.516" /><testcase classname="test_inventory_orders.TestPharmacyInventory" name="test_add_inventory_product_medical" time="0.436" /><testcase classname="test_inventory_orders.TestPharmacyInventory" name="test_add_inventory_product_paramedical" time="0.550" /><testcase classname="test_inventory_orders.TestPharmacyInventory" name="test_add_inventory_product_other" time="0.501" /><testcase classname="test_inventory_orders.TestPharmacyInventory" name="test_edit_inventory_product" time="0.605" /><testcase classname="test_inventory_orders.TestPharmacyInventory" name="test_delete_inventory_product" time="1.897" /><testcase classname="test_inventory_orders.TestStockMovement" name="test_stock_movement_in" time="0.598" /><testcase classname="test_inventory_orders.TestStockMovement" name="test_stock_movement_out" time="0.717" /><testcase classname="test_inventory_orders.TestStockMovement" name="test_stock_movement_adjustment" time="0.773" /><testcase classname="test_inventory_orders.TestStockMovement" name="test_stock_movement_out_insufficient" time="0.496" /><testcase classname="test_inventory_orders.TestSupplierProductTypes" name="test_add_supplier_product_with_type_and_expiry" time="0.535" /><testcase classname="test_inventory_orders.TestSupplierProductTypes" name="test_add_supplier_product_paramedical" time="0.516" /><testcase classname="test_inventory_orders.TestOrderPaymentMethod" name="test_create_order_payment_on_delivery" time="0.990" /><testcase classname="test_inventory_orders.TestOrderPaymentMethod" name="test_update_order_status_to_confirmed" time="1.532" /><testcase classname="test_inventory_orders.TestOrderPaymentMethod" name="test_update_order_status_to_delivered" time="1.924" /></testsuite></testsuites>